<?xml version="1.0" encoding="UTF-8"?>
<!-- Generated by org.testng.reporters.JUnitReportReporter -->
<testsuite hostname="Admin-PC" name="com.crm.testcases.ContactsPageTest" tests="5" failures="0" timestamp="28 Jul 2018 12:08:30 GMT" time="183.407" errors="0">
  <testcase name="selectSingleContactTest" time="40.264" classname="com.crm.testcases.ContactsPageTest"/>
  <testcase name="validateCreatenewContact" time="40.470" classname="com.crm.testcases.ContactsPageTest"/>
  <testcase name="selectMultipleContactTest" time="29.367" classname="com.crm.testcases.ContactsPageTest"/>
  <testcase name="validateCreatenewContact" time="36.825" classname="com.crm.testcases.ContactsPageTest"/>
  <testcase name="validateCreatenewContact" time="36.481" classname="com.crm.testcases.ContactsPageTest"/>
</testsuite> <!-- com.crm.testcases.ContactsPageTest -->
