<?xml version="1.0" encoding="UTF-8"?>
<!-- Generated by org.testng.reporters.JUnitReportReporter -->
<testsuite hostname="Admin-PC" name="com.crm.testcases.ContactsPageTest" tests="5" failures="0" timestamp="5 Aug 2018 10:52:00 GMT" time="242.972" errors="0">
  <testcase name="validateCreatenewContact" time="53.234" classname="com.crm.testcases.ContactsPageTest"/>
  <testcase name="validateCreatenewContact" time="45.460" classname="com.crm.testcases.ContactsPageTest"/>
  <testcase name="selectSingleContactTest" time="49.743" classname="com.crm.testcases.ContactsPageTest"/>
  <testcase name="validateCreatenewContact" time="49.778" classname="com.crm.testcases.ContactsPageTest"/>
  <testcase name="selectMultipleContactTest" time="44.757" classname="com.crm.testcases.ContactsPageTest"/>
</testsuite> <!-- com.crm.testcases.ContactsPageTest -->
