<?xml version="1.0" encoding="UTF-8"?>
<!-- Generated by org.testng.reporters.JUnitReportReporter -->
<testsuite hostname="Admin-PC" name="com.crm.testcases.HomePageTest" tests="3" failures="0" timestamp="5 Aug 2018 03:50:57 GMT" time="269.598" errors="0">
  <testcase name="verifyUserNameTest" time="105.726" classname="com.crm.testcases.HomePageTest"/>
  <testcase name="verifyContactsLinkTest" time="65.121" classname="com.crm.testcases.HomePageTest"/>
  <testcase name="verifyHomePageTitleTest" time="98.751" classname="com.crm.testcases.HomePageTest"/>
</testsuite> <!-- com.crm.testcases.HomePageTest -->
