<?xml version="1.0" encoding="UTF-8"?>
<!-- Generated by org.testng.reporters.JUnitReportReporter -->
<testsuite hostname="Admin-PC" name="com.crm.testcases.HomePageTest" tests="3" failures="0" timestamp="5 Aug 2018 10:52:00 GMT" time="107.363" errors="0">
  <testcase name="verifyContactsLinkTest" time="34.252" classname="com.crm.testcases.HomePageTest"/>
  <testcase name="verifyUserNameTest" time="36.275" classname="com.crm.testcases.HomePageTest"/>
  <testcase name="verifyHomePageTitleTest" time="36.836" classname="com.crm.testcases.HomePageTest"/>
</testsuite> <!-- com.crm.testcases.HomePageTest -->
